"r_v_avg"
"Iteration" "slots_v"
("Iteration" "slots_v(fluid_slot_1_mat_air:1)" "slots_v(fluid_slot_2_mat_air:1)" "slots_v(fluid_slot_3_mat_air:1)" "slots_v(fluid_slot_4_mat_air:1)" "slots_v(fluid_slot_5_mat_air:1)" "slots_v(fluid_slot_6_mat_air:1)" "slots_v(fluid_slot_7_mat_air:600)" "slots_v(fluid_slot_8_mat_air:601)")
1 0.06333517005258506 0.06771218148721574 0.05355727023339212 0.05535911068186664 0.04427907076686363 0.04472392381927327 0.03130505350545765 0.03069322068599122
2 0.2140238372024431 0.2398776106732073 0.3507018253701052 0.3606582529026433 0.2904025902357522 0.2982470847742985 0.1613114840516752 0.1599328856688824
3 0.3908469219807639 0.4219312136894581 0.5491717991966538 0.5597031460271206 0.485787125833082 0.4932900695788933 0.3039777726389714 0.3041804699699559
4 0.6298151812688673 0.656609435385978 0.7381810150481165 0.7499736281817199 0.65868485294363 0.668201476416625 0.4326228101594503 0.4327865581952496
5 0.8154847421541699 0.8417856019191871 0.8861669816597422 0.8973352030708489 0.8008851999681532 0.8109408877683777 0.5514536014575241 0.5513753952066506
6 0.9803704661623384 1.003927440430261 1.009837802000813 1.020693130366002 0.9192830203294382 0.9301500813583351 0.655274870160978 0.6554450924645375
7 1.110567982588347 1.131536890997544 1.110173542922452 1.119776072475697 1.013416095026463 1.024202493004146 0.7459191722085631 0.7465421579790735
8 1.214609970773526 1.234181366747259 1.189145280810889 1.197421030325089 1.089335487072762 1.099678360123096 0.8241011960001504 0.8250620738069974
9 1.284718378216577 1.301655766957367 1.247433454102966 1.253348293985429 1.150722091770678 1.159413901834415 0.8950483538592576 0.8958282902173779
10 1.33756334324921 1.35197484547973 1.290833800440188 1.294880750779546 1.197138698330353 1.204449886430358 0.952685971602274 0.9535866490722129
11 1.375040113137083 1.387176016158866 1.324715514282202 1.326953691878938 1.23439536765259 1.240480667733846 1.002877647431672 1.003684947948002
12 1.387247600651499 1.393032774647898 1.342083721043063 1.341017399618162 1.262829897739018 1.267033772073513 1.048343923307235 1.048957542537711
13 1.373601450882886 1.374568241160063 1.336423963624396 1.333239771916567 1.274327720609911 1.277220448776943 1.087468918269653 1.087758678547856
14 1.390548392695949 1.390626497808926 1.353201737598434 1.349201227547819 1.292224078271691 1.294391419044935 1.117820000313589 1.118021150393392
15 1.390722734761284 1.386666885608719 1.356552641747443 1.351077185754675 1.302314045272536 1.303691485640255 1.145387708447349 1.145421237246869
16 1.37940870732555 1.369977481672481 1.354693634004491 1.347522687696099 1.312408214949736 1.312985055333977 1.175889353616115 1.175857906799552
17 1.380935689322227 1.371039625585685 1.358023307551011 1.350603441976149 1.317399992965376 1.317470233369209 1.195062010128786 1.194895735634203
18 1.374637826020039 1.362981119684819 1.357435848434334 1.349140434023883 1.322356788035826 1.32187511953712 1.213864563492938 1.213640034408336
19 1.368693026303692 1.35730266981829 1.357159272761917 1.348488129154109 1.325547455576801 1.324634989442155 1.229654866292131 1.229373370706567
20 1.362467388815221 1.351124141362043 1.356084197051074 1.347080763864647 1.328078248993354 1.326777936385255 1.243381690313417 1.243075344044324
21 1.356492021214935 1.345041897777738 1.354964690411213 1.345789379823621 1.33046845098577 1.328836211368995 1.255893824503892 1.255571194799192
22 1.350971658809269 1.338322021089902 1.353544485039951 1.344400034807474 1.332360568359602 1.330461777799271 1.266955885084599 1.266637567717701
23 1.345612320896836 1.329454117237755 1.351524418215033 1.342808186141016 1.333929470115707 1.331897761690911 1.276855264526167 1.276579754004456
24 1.340475900322614 1.320252514760363 1.348970060687184 1.341352715772749 1.335390275151386 1.333237719136419 1.285868074851918 1.285614841194529
25 1.334999332908944 1.311477975526196 1.345700175698677 1.339845157792735 1.336872023582165 1.334600710562918 1.294175497664147 1.293977565465621
26 1.329754597784796 1.304422797342988 1.342335872774134 1.338544195876001 1.338449107310351 1.336060824118506 1.301859302025428 1.30169990231365
27 1.324872685021626 1.299124402655982 1.338937519578565 1.337376234109826 1.339978505383103 1.337561712554828 1.308984259852028 1.308887502005587
28 1.320497735872771 1.295422106730158 1.335854912101349 1.336307852787294 1.34149605990679 1.339120169575384 1.315561759794405 1.315516745557088
29 1.31684495391136 1.29315593048432 1.333385515714619 1.335564185694123 1.343204022827297 1.340926822715472 1.32178518083628 1.321802504969286
30 1.31370831326223 1.292003191237317 1.331869811413423 1.335437394794154 1.345924552655131 1.343656049478407 1.328452244906409 1.32851351147052
31 1.311319951245158 1.291925310907749 1.330691042278764 1.335239296103072 1.347711082401345 1.345524167145555 1.33390577895256 1.334015598854611
32 1.309879612820239 1.293337980620071 1.331271520617227 1.336663656713643 1.351535211304272 1.349512006912054 1.340745196133392 1.340896059286012
33 1.308485600992509 1.2948486556363 1.331885288442931 1.337752870109502 1.354412353107975 1.352618824165587 1.346595939262283 1.346786488604829
34 1.310736383732837 1.30041301174212 1.337671991801779 1.343893103582114 1.363362829244574 1.361715082208782 1.356811445754264 1.356965748289694
35 1.309723109583398 1.302492365772255 1.33828516110378 1.344618044109849 1.363948760741872 1.362773874376076 1.360626988181937 1.360811683393862
36 1.309200261336736 1.30541994813666 1.340201984049133 1.346720754008806 1.367070235932199 1.366185930590384 1.365476711702539 1.365668596977621
37 1.309131525366442 1.30879096986719 1.342730199873803 1.349027198834176 1.369811034826 1.369232317880418 1.369803324556591 1.369996709219957
38 1.313604587843281 1.317029672110587 1.350824686798073 1.356931654769011 1.378415612992629 1.377998496702618 1.377747335005205 1.377903021799766
39 1.312521922248717 1.318987071512904 1.351800692856962 1.357073875742132 1.378781229011997 1.378565695678332 1.380295926238992 1.380440213960919
40 1.312549587698168 1.322378945151558 1.354798013072371 1.359650479539623 1.381809712282773 1.381730037874221 1.383780729849017 1.383884950626276
41 1.312194174670898 1.325075279828684 1.357124898197473 1.360910835817551 1.383592401467414 1.38351651967991 1.386316268643774 1.386380431318956
42 1.3115894924554 1.327385617281025 1.35911485433414 1.361982303255203 1.385183345856666 1.385103505297812 1.388422948941389 1.38842827187708
43 1.311059370114673 1.329676187550573 1.361162400135961 1.362884493891384 1.386782546114675 1.386626488874842 1.390247567189463 1.390182965691382
44 1.310477686306817 1.331657081443244 1.36297369650884 1.363489109357116 1.38810974941114 1.387863635858067 1.391743920076935 1.391598362746556
45 1.309773436118627 1.333317252238749 1.364515651971633 1.363842623853114 1.38921552546151 1.388853569799284 1.392906586637301 1.392671632633516
46 1.30905790527258 1.334835707299688 1.365824580329604 1.363974572773174 1.390108569024505 1.3896638419597 1.393804101950414 1.393465920984579
47 1.308424046918473 1.336188494711845 1.367069064506118 1.364146102809198 1.39099610624168 1.39046601200229 1.394571739120874 1.394126896084754
48 1.307885717221164 1.337483516414495 1.368202716507921 1.364237743534893 1.39180349757318 1.391232145880503 1.395237470653801 1.394672750489447
49 1.307361475744146 1.338642783085506 1.369146549516131 1.3642618172197 1.392459177140741 1.391876690206755 1.395741086170649 1.395053876844002
50 1.306817548786136 1.339565004329673 1.36986552953073 1.36420781972954 1.392948271297895 1.392375872476061 1.396079415352152 1.395266595608431
51 1.306375903604741 1.340457520728977 1.370475916421419 1.364150979290872 1.393360586217335 1.392868490129465 1.396343978576967 1.395405620702125
52 1.306064900783949 1.34137533367955 1.371063639303196 1.364154963123194 1.393755555393579 1.393401524912158 1.396609686510704 1.395551794945959
53 1.305689858156587 1.342041558139325 1.371426388909073 1.364116735749728 1.393975122360846 1.393751957152621 1.396721990385438 1.395552540312947
54 1.305520271767614 1.34281623961431 1.371811265670273 1.364205618978237 1.394242747147719 1.394214936649583 1.396892509977109 1.395616447605585
55 1.305325691352724 1.343436292214625 1.372052298066957 1.36425984272015 1.394356418629098 1.394533418719723 1.396961846195051 1.39559702592855
56 1.305227023764931 1.344060037701539 1.372269288616079 1.364375324127093 1.394459842156043 1.394856565439953 1.397031810945852 1.395593022536848
57 1.305172761487946 1.344632886809711 1.372422052885927 1.364535715459086 1.394525366986394 1.395138108272498 1.39709056944468 1.395589498860085
58 1.30521841041775 1.345201909929048 1.372580946832037 1.364775198166728 1.394612811972015 1.39541046426954 1.397160812426327 1.395612195754801
59 1.305331712871487 1.345758413443338 1.372722307604554 1.365073378546907 1.394714306260836 1.39565064217653 1.397242571681736 1.395652960914032
60 1.305519219599561 1.346337298213204 1.372864836494196 1.365462295178009 1.394877812683027 1.395915386578024 1.397369642346109 1.395757268205455
61 1.305744573870244 1.346871840891318 1.372958305199491 1.365860704553519 1.395047058730441 1.39609070097655 1.397471881586897 1.395842063152514
62 1.306060805314995 1.347446033550469 1.373073235157469 1.366339366575 1.395338889310006 1.396294045543191 1.397643392651697 1.395999660678982
63 1.306398789432601 1.347977661992882 1.373149701112918 1.366845902922173 1.395685449401748 1.396445527499511 1.397828637919695 1.396176391808736
64 1.306779652008246 1.348502405073034 1.373187430707906 1.367383585268981 1.39612782875885 1.396568677085755 1.398022013263253 1.396365922693422
65 1.307215267622028 1.349042349788995 1.373195186579357 1.367970709417303 1.396677558093603 1.396663340169428 1.398246597960281 1.396586446886932
66 1.30770547421053 1.349584838381537 1.373188660581536 1.368587089818706 1.397380676727062 1.396749138889993 1.398522214040489 1.396848856807905
67 1.308261926768657 1.350171201430828 1.373201483404892 1.369285669936079 1.398234301809747 1.396871532676487 1.398844288122833 1.397163323624323
68 1.308791075823975 1.350681659347239 1.373103412401919 1.369935120134439 1.399129179461986 1.396884825543936 1.39912209452526 1.397429227483123
69 1.309382485701939 1.351236101576809 1.372993019545857 1.370644527749024 1.400189131079088 1.396923720911965 1.399448954913404 1.397739616795585
70 1.309969589037035 1.351758277543584 1.372828908025976 1.371340915972927 1.401344261302787 1.396918098585443 1.399771881764828 1.398039832692936
71 1.310612510553494 1.352318100112256 1.37266937776252 1.372091090368668 1.402647866120275 1.396953366166154 1.400159527524329 1.398395481002936
72 1.311270443391465 1.352869626666386 1.372473589296247 1.372832566067884 1.40400387696695 1.39695174846998 1.400527843191421 1.398727167213085
73 1.311913563418419 1.353397162576878 1.372223743910081 1.373557039579137 1.405437428255623 1.396944274451707 1.40092239659832 1.399075759727904
74 1.312601763531037 1.353958612749261 1.372011663577739 1.374324858737064 1.406958904983785 1.396986597410865 1.401361951959877 1.399457648329231
75 1.313269147318071 1.354495242044681 1.371744057383699 1.375052236795449 1.408467015755396 1.396986470490499 1.40176288785516 1.399798598126653
76 1.313948205704059 1.355035075988417 1.371468435115159 1.375780077702326 1.410030059618247 1.39702614131817 1.4021951634348 1.400165276709818
77 1.314629962860448 1.355563622750779 1.371176774501876 1.376485232639286 1.411569782052836 1.397064561546441 1.402607144651101 1.400507925867755
78 1.315388012524976 1.356184454211784 1.370956030513472 1.377261228949136 1.41321275914274 1.397216200814102 1.403119857612674 1.400930023181903
79 1.316100652757622 1.356746038975887 1.370697500279293 1.37794462542226 1.41476021408406 1.39733262709857 1.403592596499915 1.401308880262815
80 1.316779113824563 1.357271524848922 1.370401449183575 1.378583327643655 1.416248543088635 1.397454668081346 1.404071290623679 1.401680463927806
81 1.317499903529699 1.357855985029026 1.370148542623984 1.379243175066178 1.417708684206472 1.397648327650195 1.404572621915749 1.402075722242283
82 1.318154963200453 1.358360164519495 1.369818913321288 1.379786841585987 1.419006194131879 1.397777019665315 1.405015982274408 1.402402298717651
83 1.318874461229401 1.358940077151001 1.369566396929925 1.380379294456078 1.420309259871621 1.398017933750914 1.405527586268848 1.402787398737374
84 1.319540012506938 1.359471367193013 1.369274366834327 1.380881465210324 1.421446101430006 1.398211666495194 1.405995100776955 1.403121912467254
85 1.320239239755575 1.360039229265623 1.369027973005329 1.381392618389626 1.422534558897439 1.398483066940463 1.406500560801124 1.403494053547546
86 1.320902990674031 1.360580887349141 1.368753439413541 1.381830582547223 1.423476677318959 1.398729393142122 1.406982309875948 1.403832352786355
87 1.321568277613421 1.361126902093629 1.368494133045027 1.382244910508971 1.424328417661972 1.399012789557982 1.4074715091868 1.40417716068133
88 1.322166413557175 1.361612281953362 1.368181798203293 1.382544741311904 1.425006807541338 1.399243974810036 1.407906115401278 1.404471059378621
89 1.322818687151962 1.362168735989619 1.367946819178218 1.382890876391772 1.425667803876201 1.399588048666949 1.408398951461659 1.40482034242463
90 1.323385259922415 1.362633530213517 1.367629655836464 1.38308414010668 1.42610836798222 1.399830247710421 1.408812877592463 1.405093380284261
91 1.323964504357916 1.363133944359619 1.367357587337389 1.383291091458237 1.426517162159218 1.400156760095618 1.409257204150703 1.405396775843118
92 1.32451101172267 1.363600599224949 1.367058759038281 1.383404824323156 1.426779094970162 1.400449948018515 1.409667605843411 1.405667052266255
93 1.325061901010038 1.364078443080703 1.36678432652479 1.383503535427062 1.426979772905361 1.400787530279606 1.410094407579829 1.405954497083007
94 1.325595804354008 1.36455138747057 1.366505119626899 1.383552558707382 1.427077333132689 1.401127141493284 1.410502585913447 1.406229612770797
95 1.326100412663936 1.364999925203521 1.366208605100856 1.383533967312934 1.427086999395574 1.401469630673965 1.41089810126276 1.406487435582959
96 1.326587709291396 1.365439102595377 1.365916923283488 1.383483869996232 1.427033249949226 1.401837315440805 1.411290582125982 1.40674591182468
97 1.327148843620248 1.365962973845175 1.365720829846943 1.383498952948428 1.427022939411589 1.402331299530056 1.411771363649636 1.407089983783696
98 1.32761549236871 1.366389576536501 1.365440137557892 1.383380384711824 1.426868146795757 1.402748283516468 1.412182364452187 1.407365749542139
99 1.32806906486894 1.366819657764472 1.365162087359334 1.383246718934119 1.426680305309731 1.4032111987364 1.412597981629504 1.407647822544269
100 1.328495643330535 1.367224714256349 1.364880029076167 1.383061391502568 1.426448711720682 1.403675176260487 1.413002146297409 1.407916577085773
101 1.328909180967908 1.367628308606297 1.364594862355481 1.382851910649149 1.426182308334159 1.404182501114708 1.413406297031536 1.408188678877767
102 1.329291700411575 1.368005639751146 1.364306067910861 1.382592822613447 1.42589121058978 1.404704747070217 1.413798614126596 1.408452561667136
103 1.329681433577548 1.3683954367955 1.364039183548228 1.382319093985962 1.425608272320106 1.40528967848775 1.414216348845251 1.408744024625255
104 1.33003088427444 1.368753319054835 1.363753821100171 1.381984284788401 1.425289557108937 1.405888588026019 1.414613666355905 1.409021963752563
105 1.330362663891698 1.369094950369421 1.363473678407695 1.381601498494496 1.424963200567488 1.406519371708046 1.414994587620792 1.409293597151902
106 1.330688884974309 1.369444207831864 1.363196803177716 1.381175598380922 1.424624990299544 1.407197113275493 1.415381616986201 1.409580512409374
107 1.330986178299054 1.369765612433033 1.362914740409991 1.380681070755799 1.424281972610262 1.407908807659308 1.415755362665468 1.409869016980449
108 1.331268789903286 1.370077366143786 1.362640532185931 1.380126613019844 1.4239263665419 1.408669018942196 1.416109334065957 1.410152413492415
109 1.331558354905639 1.370405072920766 1.362396938062832 1.379545249054225 1.423594188748587 1.409530803121907 1.416478601400594 1.410471061158897
110 1.331820786788657 1.370707905345359 1.362146534117671 1.378881703546812 1.423232510711795 1.4104381650464 1.416819001231434 1.41078045824333
111 1.332072681617348 1.371008785586443 1.361904225352082 1.378155905860945 1.422867968432923 1.411397976543317 1.417147161984543 1.411099805700842
112 1.332309196901529 1.371296990308482 1.361672455406099 1.377357907849587 1.42249909738469 1.412405433923348 1.417452537931236 1.411420853017586
113 1.332540746865756 1.371583892646161 1.361455286000293 1.376501528887319 1.422110722110582 1.413428112273405 1.417741232698613 1.411750400928641
114 1.332769505551203 1.371872457036053 1.361259699303055 1.375589233186769 1.421717633261807 1.414470837086049 1.418016630196043 1.412091482166856
115 1.332981211286949 1.372144562380997 1.361065137991396 1.374599673721155 1.421296557981546 1.415509009079425 1.418261143691682 1.412426775206565
116 1.333182307057603 1.372408998692705 1.360881492348147 1.373553271182753 1.420855713135633 1.416537264112371 1.41848673670812 1.412766871345506
117 1.333380326613191 1.37267192474219 1.360721667584293 1.372448935921304 1.420399077129243 1.417556496988926 1.418686204666175 1.41310510671938
118 1.333576408540153 1.37293369115073 1.360570428463562 1.371293823149212 1.419916591853039 1.418562023562735 1.418865131651535 1.413442662728895
119 1.333755574059121 1.373182929260502 1.360427368198416 1.370081830374765 1.419407780456977 1.419534524779529 1.419017598069213 1.413777617362022
120 1.333939438495906 1.373436816608611 1.360307472956771 1.368833698812534 1.418875637832874 1.420476932599111 1.419147580149902 1.414102660331889
121 1.334113282504495 1.373678201441438 1.360202134614302 1.367544513727971 1.418320037742332 1.421396434123934 1.419255165521222 1.414424325242417
122 1.334289998026584 1.373922834980348 1.360115732653984 1.3662248795561 1.417741390055264 1.42227950555287 1.419344463000119 1.414738087589764
123 1.334462047527257 1.374161936275204 1.360043731136599 1.364874723526835 1.417144383396509 1.423141604760873 1.419415694286967 1.415044614102082
124 1.334626642362497 1.374392474103201 1.35998238150989 1.36349087806349 1.416511804974986 1.423984843340995 1.419464543429187 1.415336772810183
125 1.334789964540589 1.374621883461197 1.359940255461248 1.362092681194487 1.415858794647002 1.424830513130765 1.419499726112047 1.41562026574917
126 1.334956135610919 1.374850957924694 1.359912918204675 1.360674394946748 1.415176584069762 1.425641146793789 1.419515849331567 1.415885576814834
127 1.33512075325054 1.375076086912097 1.359899621129438 1.35925151977725 1.414467332345764 1.426427212188646 1.419514910202 1.416136005512715
128 1.335290326693222 1.375303847013307 1.359907144330072 1.357820266212175 1.413739890096771 1.427175630035862 1.419508897301917 1.416377846944148
129 1.335466905355135 1.37553678712643 1.359935759132277 1.356396812444231 1.412989678510539 1.427899448163177 1.419493688217172 1.4166033142174
130 1.335639506540514 1.375765082437527 1.359971268217801 1.354964552049347 1.412205114820998 1.428573660620263 1.41946696351556 1.416808010464485
131 1.335818589424862 1.375992189331552 1.36002760819127 1.353541075272569 1.411404482160592 1.429213133222029 1.419429840839271 1.41699411107849
132 1.335996328319723 1.376218347896911 1.3600989820798 1.352132097563245 1.410585401100534 1.429833558679342 1.419397648679095 1.417170460057606
133 1.336180525324056 1.376448155180412 1.360181243803942 1.350736070669554 1.409740441327632 1.43041832992932 1.419352690027586 1.417323587214784
134 1.336368502845112 1.376677457243839 1.360284118049613 1.34936133106187 1.408888828639361 1.430981709640425 1.419317342597121 1.417467269707196
135 1.336562673314459 1.376911335048264 1.36039955079199 1.348014348493965 1.408015463021464 1.431515808488136 1.419278710854826 1.417593915922247
136 1.336759841051114 1.37714492425678 1.360528566543722 1.346688527887871 1.407135111365057 1.432025908306741 1.419253291329395 1.417713436611219
137 1.336956440039222 1.377373767738011 1.360662357040964 1.345384463768204 1.406237186030799 1.432500995161504 1.419231979784613 1.417813528125713
138 1.337157807022196 1.377604103691264 1.360810723365094 1.344107059907067 1.405333309327305 1.432948012359714 1.419213755161426 1.417899614017726
139 1.337362627351114 1.377834313243602 1.36097029396953 1.342864224234384 1.40442879218648 1.433369897300479 1.419212039278798 1.417977808560822
140 1.337571141287968 1.378062705441638 1.361136901934957 1.341651405616339 1.403520425355484 1.433755867320271 1.419219436598357 1.418039156467252
141 1.337784508113502 1.37829560095589 1.361315343006332 1.340478271509643 1.402618398935662 1.434119319527121 1.419242291276728 1.418093508853167
142 1.338011500488702 1.378539597958063 1.361510967774423 1.3393522355759 1.401729418607954 1.434463873532027 1.419286732778826 1.418142760845062
143 1.338236103241603 1.378775878043573 1.361708675250751 1.338257979640911 1.400841603740858 1.43477625578155 1.419340220301759 1.41817661956425
144 1.338461427322745 1.379013706695928 1.361909310485596 1.337201145653244 1.399964570497309 1.435062076451377 1.419412062613029 1.418202123770508
145 1.338701347027544 1.379259451545433 1.362130350140013 1.336197139477635 1.39911544675976 1.435334783309872 1.419509262264976 1.418222597956148
146 1.338939321290673 1.379502940687682 1.362348386867794 1.335228213241157 1.398272751382037 1.435576567369065 1.419615704477718 1.418229520520129
147 1.339184957408904 1.379750365675646 1.362574996417441 1.334307740676118 1.397455034975769 1.435801838543922 1.419744058202179 1.418232455728586
148 1.339419608846008 1.379982139338908 1.362793372166981 1.333413297641192 1.396655482045582 1.435995348491512 1.419877440707877 1.418216457120902
149 1.339658842881375 1.380218985732345 1.363017831492422 1.332569869302912 1.395883559648589 1.436180763172808 1.420031160093399 1.418193022041391
150 1.339905200581972 1.380457432454527 1.363251053327023 1.331769876361395 1.395141739764521 1.436343107854078 1.420201923828113 1.418160893343767
151 1.340157536168905 1.380700583911186 1.363487961905721 1.331019157953228 1.39443449582848 1.436505175404908 1.420392689670856 1.418126199693847
152 1.340403902706152 1.3809358986419 1.36372191312899 1.33030227309543 1.393749795588324 1.436643476200569 1.420591500352256 1.418078047907682
153 1.340658268553498 1.38117602740166 1.363961337976115 1.329633148828346 1.393097909088169 1.436779724350161 1.42080881239267 1.418022710996346
154 1.340908777731419 1.381409813122688 1.364197449058911 1.329005810404504 1.392483278351065 1.436914762558198 1.421033960084782 1.417959286932792
155 1.341159175163242 1.381640924691168 1.364435168448995 1.328420257577811 1.391899191409668 1.43705488346879 1.421272084624448 1.4178882792415
156 1.341411907016169 1.381873787898362 1.364670282884338 1.327874506971268 1.391346271602973 1.437194003859087 1.421522018472645 1.417808814138614
157 1.34166125687213 1.382101861481376 1.364903264014941 1.327370315301744 1.390829357171871 1.437348670369763 1.421783457431378 1.417726522252734
158 1.341910659742478 1.382326017634934 1.365136164345059 1.326903017961488 1.390343450209207 1.437504130341413 1.422046896502883 1.41762868989814
159 1.34217082182085 1.382561701907351 1.365377177418643 1.326488486247762 1.389897573551554 1.437687193653753 1.422331688458624 1.417533904587616
160 1.342412550310383 1.382774935886782 1.36559723750049 1.326095165072192 1.389475325844307 1.437870739256917 1.422602228447482 1.417420755063297
161 1.342650601938061 1.382985214689918 1.365814162181638 1.325740730066468 1.389083560681834 1.438075343368067 1.422883304440919 1.417301193566074
162 1.342890129953189 1.383193156487645 1.366030001124686 1.325422587806687 1.388727460435428 1.438292589338003 1.423171938013839 1.417178439346028
163 1.34314939995248 1.383421004894478 1.366258609284387 1.325159871294171 1.388393479346917 1.438522971010499 1.423467914672999 1.417048818667335
164 1.343371879143168 1.383610575975931 1.36645306211239 1.324908451454911 1.388100651659179 1.438764657521081 1.423750449100203 1.416911547505678
165 1.343599946958208 1.383805721662218 1.366650587180584 1.324696184363332 1.387829310064665 1.439018285108038 1.424037745154979 1.416764850019511
166 1.343817719754671 1.383988493389091 1.366839425186551 1.324514772076408 1.387585115313888 1.43927660367916 1.424317472165223 1.416612613573815
167 1.344028816129925 1.384163905583248 1.367018500250131 1.324363981067721 1.387366406023848 1.439541628540163 1.424597909140196 1.416456414291435
168 1.344235054968383 1.384334024548859 1.367192372443854 1.324246371797865 1.38717420859391 1.439810780815539 1.424870514028322 1.416293754258042
169 1.344437182165409 1.384497932970464 1.367360292522159 1.32415925478383 1.387004325025195 1.440073298662321 1.425140639483979 1.416128932736119
170 1.344629929066421 1.384653425206422 1.367518927888311 1.32409976100332 1.38685753005074 1.440334599132475 1.425402137686202 1.415959297592589
171 1.344816304654605 1.384799801779433 1.367669190669895 1.32406492417427 1.386731441281273 1.44058758872778 1.425655004945535 1.415785581008021
172 1.344996379266711 1.384940136435987 1.367811251702372 1.324056850251585 1.386622927917224 1.440833745521518 1.425903905001286 1.415615066186233
173 1.345180001017569 1.385082867714475 1.367954084382011 1.32408184522335 1.386533647438796 1.441065340176934 1.426140432327102 1.415432714235978
174 1.345323187547071 1.385186892544939 1.368060325738754 1.324107757345198 1.386472316885074 1.441281569348002 1.426337069636668 1.415260522216887
175 1.345489036947308 1.385311545103567 1.368183045484468 1.324172330099961 1.38641705155237 1.441515211172867 1.426579808618196 1.41507713520949
176 1.345639429563581 1.385417237776986 1.368292531862685 1.324255126821604 1.386374030206549 1.441702571316329 1.426780321526156 1.414905326057855
177 1.345770423413122 1.385508533033133 1.36838434204111 1.324350703653643 1.386358617583498 1.441885634666909 1.426950006263064 1.414732723595274
178 1.345914578689824 1.385609307958017 1.368484502068507 1.324476099365396 1.386347298288344 1.442083087618506 1.427154493446611 1.414552907028585
179 1.346033855305215 1.385686094453374 1.368565229546107 1.324606186398775 1.38635461346221 1.442229444205466 1.427291483902425 1.414386441858241
180 1.346166067567607 1.385774095758472 1.368650416231445 1.324766655754393 1.386368952879739 1.442407755680077 1.427471454779112 1.414204134223759
181 1.346286517429522 1.385848192367749 1.368726410711133 1.324940375421714 1.386392363172858 1.442531204983793 1.427610194282298 1.414045357164617
182 1.346394330067855 1.385916001919591 1.368791026139019 1.325120335052565 1.386431863952385 1.442661032376272 1.427718805032419 1.413887673746449
183 1.346506983031333 1.38598366555901 1.368853326328567 1.325319852310398 1.386472969624471 1.44279493555987 1.427851068630613 1.41370152197598
184 1.346608842808181 1.38603918710882 1.368906341613906 1.325530010895726 1.386518859678032 1.442881071405328 1.427930817126388 1.413544167858477
185 1.346703948366077 1.386093904289058 1.368955214079882 1.325746582326087 1.386577033084981 1.442982032724468 1.427992701650433 1.413403742189558
186 1.346793726916653 1.3861375781204 1.368989731382287 1.325973639622317 1.38662880702612 1.443074664212684 1.428063543397024 1.413209296398603
187 1.346878358609863 1.386182739992373 1.369028676799665 1.326204596854651 1.386696047254624 1.443140669371385 1.428081183166785 1.413092206940903
188 1.346961672567152 1.386219703679034 1.369054602546709 1.326456559386078 1.386766210783216 1.44322469991958 1.428123342055377 1.412895553593704
189 1.34703836165522 1.386256856009272 1.369084674279457 1.326705121802279 1.386838606226991 1.443269608873529 1.428101610327329 1.41277802189282
190 1.347109857350435 1.386287592779398 1.36910314089064 1.326964150420686 1.386915307134155 1.443338334894068 1.42809070615126 1.412611876913839
191 1.347176735074044 1.386307245163904 1.369113186612859 1.327231542730813 1.386997597833004 1.44338138960531 1.428070393591024 1.412414099982872
192 1.3472434424599 1.386331441471991 1.369127117496842 1.327505928187987 1.387081864077715 1.443405052590039 1.428009688590248 1.412257075650482
193 1.347308654452748 1.386358191875727 1.369141456000737 1.327783080424369 1.387167711054241 1.443434363643243 1.427938038120465 1.412112328952133
194 1.347372694061748 1.386382586881274 1.369151872749663 1.328067348576216 1.387256717555104 1.443477931655562 1.427869545552048 1.411940835010634
195 1.347430068872717 1.38639496994777 1.369147765232778 1.328355205143211 1.387347122997537 1.443497808859258 1.427783571100354 1.411704213456775
196 1.347486167981193 1.386409940115737 1.369147566653659 1.328643995536669 1.387435885565643 1.443493983524411 1.427659940382311 1.41149370113883
197 1.347542816156169 1.386430161596096 1.36915090105224 1.32893280001946 1.387521992720994 1.443503338248417 1.427529924563945 1.411305289341755
198 1.347595965320141 1.386445167515198 1.36914645074301 1.329223484951942 1.387608663450823 1.443520772750269 1.427404539643306 1.411072410743009
199 1.347645064313356 1.386456758702459 1.369139265312042 1.329511670502897 1.387692731282153 1.443527163097682 1.427261792913914 1.410826521853232
200 1.347692250962198 1.386462526599676 1.369123038683147 1.329811219488391 1.387787133662194 1.443519255584758 1.427111959456397 1.410459377701048
201 1.347738480966058 1.386472211987039 1.369109854761859 1.330102930722926 1.38787042423278 1.4434894475021 1.426938361283617 1.410125243246509
202 1.347788394998128 1.386488756951798 1.369103804645351 1.330394034298608 1.387954622103913 1.443472679190359 1.426772721473801 1.409793783513164
203 1.347833636219495 1.386499988449447 1.369088564155151 1.330683031816057 1.388032684542072 1.443462790371404 1.426608594472483 1.409381160200092
204 1.347883565713081 1.386517321697817 1.369081870463802 1.330977914018391 1.388121052178316 1.443461125243626 1.426453600284623 1.408971658541191
205 1.347928815954711 1.386526317526479 1.369057471307106 1.331278259000352 1.388206410620054 1.443436715085014 1.426280239402846 1.408390470247037
206 1.347976546151623 1.386542539437279 1.369043623244067 1.331568424056228 1.388285977832792 1.443395528929401 1.426093637975145 1.40784902532001
207 1.348023780548623 1.386560902799514 1.369032798767575 1.33185365487102 1.388363257920194 1.443366235091459 1.425926241531531 1.407302578085924
208 1.34806935615526 1.386575799944691 1.369015026889521 1.332136712999629 1.388436764961792 1.44334206808639 1.425768195311184 1.406684711421273
209 1.348113399352398 1.386587782594964 1.368987309522375 1.332424991205491 1.388509701256941 1.443301319697114 1.42560480186851 1.405953255249823
210 1.348158273408955 1.386603356490004 1.368967764544482 1.332701460403301 1.388577840713248 1.443236564962471 1.42544660155832 1.405252981266473
211 1.348204066201215 1.386622013582727 1.368952278780506 1.332972174487501 1.38864001785123 1.443180721507706 1.425306526419662 1.404572621029678
212 1.348248385507615 1.386638149703419 1.368931583731743 1.333240152731491 1.388699375275349 1.44313633583693 1.42517712597034 1.40382913139874
213 1.348292399033408 1.386654646115014 1.368912958966044 1.333503069992457 1.388758459566634 1.44308682383653 1.425065544238142 1.403090592011408
214 1.348326890391361 1.386660772417047 1.36888440401925 1.333753017701483 1.388806546905507 1.443020567564297 1.424955243572172 1.402310432155822
215 1.348366936702426 1.386669238855786 1.368852391373257 1.334014006385658 1.388869982504545 1.442950815698394 1.424860008538975 1.401398117155245
216 1.348405450054379 1.386679804676264 1.368828806519147 1.334258637976014 1.38892579937799 1.442868113198302 1.424773700514148 1.400550006868294
217 1.348444027321265 1.386691315715826 1.368806486350465 1.334500222835927 1.388974476330248 1.442791999611923 1.424698218470923 1.399705624836301
218 1.348480467619272 1.386699151653616 1.368780269870226 1.334739291185897 1.389022462916176 1.442728343498652 1.424638961726346 1.39882447757675
219 1.3485168904421 1.386707796742019 1.368756749872502 1.334973493289891 1.389068613448231 1.442667278296893 1.424595021821428 1.397962259893118
220 1.348544351280543 1.386702274448463 1.368715526277401 1.335205660539516 1.389116947999158 1.442587523203335 1.424562734595532 1.396959157340059
221 1.348570771678034 1.386700147689262 1.368682279449297 1.335423230204761 1.389155449466793 1.442498711634904 1.424526791514737 1.396028808050158
222 1.348603730770972 1.386706427560614 1.368657951498202 1.335646323758236 1.389195967404357 1.442424886464318 1.424500928706725 1.395120153796488
223 1.348632097816684 1.38670636325294 1.368627714825296 1.335864781248397 1.389232010431658 1.442359239602048 1.424487140991189 1.394203657424367
224 1.348660522084498 1.386707219627875 1.368599885862002 1.336078283279275 1.389268078168847 1.442294638874247 1.424488732189025 1.393302161831481
225 1.348688041810818 1.386706687976025 1.36857184437085 1.336290684377364 1.389302309074212 1.442227872794787 1.424491013798371 1.392406531992576
226 1.348710428880193 1.3866970287939 1.368531956645785 1.336506937741083 1.389339739130556 1.442154699544474 1.424512126988038 1.391419767138804
227 1.348736977057071 1.386697532763499 1.368505224544455 1.33671568648224 1.389372955935498 1.442073859854303 1.42453170902748 1.390525373537632
228 1.348763103539651 1.38669801681204 1.368479930286029 1.336919611857768 1.389399886263432 1.441997712363715 1.424554255855391 1.389679464803064
229 1.348791075116881 1.386698924018247 1.368454021148651 1.337128302498044 1.389429507440005 1.441933627116031 1.42458564530826 1.388833572636458
230 1.348817430021277 1.386699663263833 1.368430173967564 1.337331485760279 1.389456552512641 1.441872035748164 1.424613981013321 1.388024835538774
231 1.348843394108908 1.386695746999458 1.368398608864461 1.337547479658206 1.389488387263216 1.441810445366977 1.42465625455848 1.387146280306715
232 1.348865388181449 1.386692451627572 1.368371271423856 1.337743942341667 1.389508612622369 1.441727000704902 1.424694235774207 1.386364835850368
233 1.348889302545037 1.386692705313924 1.368347632843132 1.337939559542098 1.389526381787543 1.441652163490315 1.424725922379861 1.385644654692028
234 1.348915076631983 1.386693337219692 1.368324251511547 1.338140517334355 1.389546174631042 1.44158574834239 1.424776905005814 1.384958954075564
235 1.348940614197703 1.386694952996659 1.368302635832892 1.338336545353891 1.389562106756737 1.441521280361105 1.424820801990237 1.384312104286635
236 1.348966804009481 1.386694690886864 1.368274670329175 1.338547389349777 1.389582125141031 1.441459542949229 1.424873313689813 1.383606883640023
237 1.348992054370301 1.386697992332441 1.368254877579122 1.338743203997773 1.389596073060805 1.441380511128137 1.424919322719512 1.382997476032035
238 1.349017828882423 1.386703030504969 1.368236329167479 1.338935012680589 1.389606451387866 1.441305392105992 1.424966919295735 1.382462098043406
239 1.349045831203398 1.386708693746874 1.36821806506772 1.339134635463897 1.38961827918749 1.441240493812555 1.425019500474996 1.381951549470797
240 1.349071985120582 1.386711497285365 1.368193921199473 1.339339065192987 1.389626798872896 1.441175113291992 1.425066126685216 1.381406268654364
241 1.34909788293532 1.386717193069596 1.368176087892174 1.339532020266869 1.38963172091747 1.441093368540082 1.425115535501802 1.380944424496485
242 1.349124721895655 1.386724843471569 1.368161467853872 1.33972269382896 1.389635054859686 1.441014238180344 1.425163923225201 1.380547718350281
243 1.349149877012296 1.386730818776755 1.368143757286816 1.339913495267529 1.389636674792185 1.440939130318373 1.425211725133087 1.380185638043993
244 1.349175215526075 1.386737330326415 1.368128395783842 1.340100705766575 1.389638230909342 1.440864442433124 1.425255444346625 1.379860128996158
245 1.349202425039466 1.386742914383833 1.368107747843264 1.340300979966783 1.389637242220744 1.440786305597929 1.425303089330124 1.379509534836208
246 1.349226709011323 1.386749835287816 1.368092118476759 1.340486392913918 1.389632641863325 1.440697292276583 1.425346090261669 1.379224913532112
247 1.349251861218373 1.386758298807268 1.368079422227442 1.340669588345838 1.389628746920686 1.440608354969456 1.425388931214685 1.378995873149285
248 1.349276920488559 1.386765301240686 1.368064412130292 1.340854444845695 1.389623116494351 1.440524511665209 1.425432958606868 1.378801229744511
249 1.349300483713415 1.386769915797127 1.368042906587662 1.341045018164142 1.389611181524792 1.440435899182477 1.425469719826976 1.378586125663944
250 1.349322661016011 1.386776096446467 1.368026726409672 1.341224823226031 1.389598813137553 1.440340406575658 1.425510159536851 1.378427202178552
251 1.349344457271144 1.386782681566512 1.368013456950584 1.341402596568841 1.389587750929266 1.440247373640824 1.425549050077831 1.378314330341156
252 1.349366342952295 1.386788860857273 1.36799884383746 1.341581865185609 1.389575141215941 1.440160371831986 1.425587512022543 1.378236272020045
253 1.349388508094895 1.386793828912776 1.367979981925942 1.341767595895942 1.389559044507939 1.440070533220609 1.425622503761337 1.378141595945664
254 1.349407059439339 1.386798094715525 1.367964069050466 1.341941020692451 1.389540956180563 1.43997394237362 1.425656160411451 1.378086084127643
255 1.349424659583004 1.386801890830946 1.367949737580542 1.342112221066758 1.389524434106695 1.439880881611751 1.425690107728399 1.378068865813125
256 1.349441824075905 1.386804841885002 1.367934517514863 1.342283412297468 1.389507216935129 1.439793747180683 1.425723746949429 1.378075184717515
257 1.349457109888948 1.386804558790937 1.367913372609005 1.342457749881425 1.389483981337646 1.439698360646912 1.42575324031891 1.378076051003131
258 1.349470072078859 1.386804175917159 1.367896114220239 1.342622403661517 1.3894621030569 1.43960294573809 1.42578346328764 1.378100415285353
259 1.349482678734344 1.386803957124311 1.367881177659896 1.342784760397005 1.389441083422491 1.439512014940111 1.425811457407717 1.378157003455302
260 1.349494428063813 1.386803076512451 1.367864777213627 1.342947773667875 1.389419203881356 1.439425235272811 1.425840245216689 1.37823578827964
261 1.349504179916001 1.38680060190524 1.36784892123986 1.34310540528235 1.389397743201494 1.439341488818963 1.425867154522894 1.378324654550209
262 1.349513077857539 1.386794467091214 1.367826801945117 1.343269349242662 1.389369248585133 1.439249412617589 1.425891372548817 1.378413081821882
263 1.349519304368453 1.386788941114846 1.367808246346001 1.343421152294885 1.389342552478734 1.439160923621789 1.425916793086221 1.378511916412933
264 1.349524704444943 1.386782961829177 1.367791146868065 1.343571236933949 1.389316846307121 1.439075969052087 1.425941915031972 1.378634893790008
265 1.349530076052686 1.386776232624647 1.3677739178734 1.343722088310487 1.389291904682568 1.438994317579146 1.425966586470455 1.378769975098606
266 1.349533222738401 1.386765773100038 1.367751355220459 1.343875436178219 1.389261859742049 1.438909234661776 1.425984622387777 1.378898827297499
267 1.349532113148421 1.386753210586812 1.367729115797502 1.344015541460104 1.389229291252927 1.43882221940054 1.425999454841333 1.379031157238066
268 1.349532437423889 1.386742649864978 1.367711073425203 1.34415686379348 1.389201390277186 1.438741377600937 1.426020527890061 1.379185718082588
269 1.349531639432233 1.386730861018832 1.367692185229507 1.344297458740121 1.389173413281372 1.438664714535203 1.42603725189571 1.379343884069159
270 1.349528151928876 1.386715523234736 1.367667471613029 1.344438788871702 1.389139302045417 1.438582485967045 1.426048375157803 1.379503295521572
271 1.349523610392855 1.386700314368565 1.367646459358015 1.34457199801178 1.389107369807186 1.438504362424452 1.426060315258951 1.379661537866112
272 1.349519307620952 1.386686089440918 1.367627946724351 1.344703878935567 1.389077888270835 1.438428097333103 1.426073076060088 1.379832497372353
273 1.349512171557799 1.386668706880493 1.367606512008158 1.344833001413302 1.389046193053163 1.438355366845353 1.426081834178029 1.380006750102159
274 1.349503063849387 1.386648428662608 1.367581309553628 1.344963856068922 1.389011023587747 1.438278898197485 1.426086639379088 1.380183315596765
275 1.349493557386071 1.386628861390908 1.367558846326577 1.345086707758678 1.388976423288777 1.438205012067539 1.42609348148583 1.380354671681859
276 1.349484520527455 1.386610815838435 1.367539472893279 1.345209152172933 1.388945691713319 1.438136086637661 1.426100160677988 1.380531980684288
277 1.349473095514687 1.386590258353873 1.367518022661055 1.345329111620149 1.3889133767155 1.438069110262529 1.42610394546804 1.380711773987804
278 1.349459221570108 1.386566074582715 1.367492380087704 1.345449162622529 1.388877513931516 1.437995956745436 1.426104214171002 1.380897066741131
279 1.349444438367605 1.386541996136712 1.367469212141083 1.34556158434911 1.388842795163755 1.437927430020247 1.426104543803766 1.381069955115015
280 1.349431638937579 1.386520388319178 1.367449955770717 1.345674306336553 1.388811598472017 1.437862877780572 1.426105988767379 1.381247513448308
281 1.349417991595989 1.386498305101844 1.367430284935984 1.345786067245037 1.388780789552838 1.437800035070562 1.426105503759766 1.381429675382172
282 1.349400582280118 1.386471344758432 1.367405028214216 1.345896443702414 1.388745083798804 1.437730898232936 1.42610286661199 1.381614898911979
283 1.349382680847119 1.386444582752672 1.36738193312993 1.345999553587529 1.388710419002248 1.437665681497013 1.426100349563395 1.381787205793984
284 1.349367372131447 1.386421395273824 1.36736338069722 1.346103475732227 1.388680190570304 1.437604874730129 1.426100905686899 1.381962985077059
285 1.349350205594599 1.386396448053595 1.367343736718648 1.346205784130116 1.388649850782651 1.437545508047679 1.426097266662015 1.382139008369361
286 1.349323853539244 1.386360908793493 1.367312603870403 1.346299326574612 1.388607876122329 1.437471492510265 1.426084379147562 1.382313233607525
287 1.349304183741181 1.386333305726593 1.367290963139271 1.346394573578384 1.388574963069402 1.437410168647387 1.426077091980583 1.382478147917046
288 1.349285097590534 1.386306546081545 1.36727193677508 1.346487996464869 1.388544103446208 1.437348656402149 1.426070619853639 1.382642157162702
289 1.349266208024769 1.386280372916796 1.367253059912986 1.346581723271307 1.388514163440941 1.437289317448085 1.426063939186257 1.382810798749318
290 1.349241536129722 1.386247262389655 1.367227399905071 1.346671412770537 1.388477894478869 1.437219987357859 1.426050845063805 1.382982324583206
291 1.349218306575772 1.386216143369499 1.367204970797196 1.346756387614326 1.388443844255062 1.437155431210139 1.426039326053024 1.383139859433645
292 1.34919871208995 1.386189760948218 1.367188118381516 1.346843468096798 1.388415285861638 1.437095290480747 1.426030597927669 1.38329602525545
293 1.34917770295047 1.386161603851209 1.367170171585077 1.346928868122888 1.388386408279177 1.437033927617454 1.426019123343017 1.383453003381918
294 1.349149454790785 1.386125021873249 1.367143165574849 1.347007098747115 1.388348108410957 1.436958118238733 1.426001375619941 1.383617215634261
295 1.349125745504633 1.386094281187106 1.367122937940237 1.347085889835691 1.38831585909772 1.436892931647834 1.425988834163647 1.383770110025323
296 1.349101007527038 1.386062784341674 1.367102883704934 1.347160793784916 1.388283112166441 1.436824767847301 1.42597381615991 1.383914751455739
297 1.349078713363043 1.386034113011082 1.367085780419729 1.347238662676743 1.388254931884909 1.436759335940721 1.425961818868134 1.384066327145462
298 1.349051221128527 1.385999101668827 1.367062967632742 1.347312949345322 1.388221516389324 1.436682685233593 1.425945166277428 1.384224094663929
299 1.349026333071843 1.385967248360086 1.367043389029276 1.347383688625354 1.388190114891185 1.436611292632199 1.42593009787943 1.384367749363531
300 1.34900382129781 1.385938362495835 1.367028167317391 1.34745514621326 1.388163602753332 1.436541256876258 1.42591682610563 1.384507256178979
301 1.348980779769578 1.385909111826973 1.367012322232733 1.347525676970853 1.388136697247197 1.436469075329062 1.425900851178119 1.384648950284066
302 1.348953840411894 1.385875205657635 1.36699158315911 1.347593700943915 1.388105094629461 1.436385809721504 1.425881959237641 1.384800931751935
303 1.348926262264734 1.385840429047749 1.366971136580331 1.347654462602039 1.388073182403707 1.436302601006783 1.425864020686191 1.384937935400557
304 1.348902769425656 1.385810828871974 1.366956126773714 1.347718745454959 1.388046293970945 1.436224715978568 1.425846079262925 1.385068455577935
305 1.348879203653172 1.385781178183105 1.366941459315546 1.347782337326545 1.388020702461142 1.436142762966736 1.425828401630177 1.385204295190128
306 1.348851837943045 1.385746445835308 1.366922007139621 1.347842995136801 1.387991227422687 1.436050359530533 1.42580734364006 1.385346435572654
307 1.348826815665994 1.38571478784726 1.366905338011055 1.347900669368099 1.387962972398304 1.435960608101453 1.425788560395109 1.385477736084385
308 1.348803520098941 1.38568533215149 1.36689164301005 1.34795871193923 1.387937849499873 1.435872438954211 1.425770435328023 1.385602499992603
309 1.348777220601878 1.385653188179447 1.366875271372044 1.348013330070549 1.387911269990362 1.435778751001 1.425748490435127 1.385724392323046
310 1.348749663442597 1.385618790512995 1.366857291833236 1.348068394806544 1.387883243866739 1.435677180314983 1.425725023785468 1.385860083553098
311 1.348725007179211 1.385587608795986 1.366842582689335 1.348120904092823 1.387857102874171 1.435578127261416 1.425704648608001 1.385983095124997
312 1.348701790463593 1.385558392937444 1.366830223933847 1.348173780802908 1.387833442318528 1.43548006246505 1.425684855796945 1.386099269134258
313 1.348678685220212 1.385529562329004 1.366818519326831 1.348226766112267 1.387812064159111 1.435381028576106 1.425663824264148 1.386218041659497
314 1.348648920406075 1.385492084388294 1.366798832479341 1.348272366492359 1.387782394248501 1.435264658731904 1.425638411924692 1.386345673519215
315 1.348624118510273 1.385460773540361 1.366784762189454 1.348319623438186 1.387758201085753 1.43515641539118 1.425616756139208 1.386459175289966
316 1.348600883277573 1.38543159294174 1.366773451626935 1.348367538271322 1.38773597315716 1.435049674634544 1.42559465708834 1.386565760484201
317 1.348577366475494 1.385402079543236 1.366762191300249 1.348414720139079 1.387714625694641 1.434939359850547 1.425571447779257 1.386674297560471
318 1.348550014248109 1.385367350634672 1.366746311611265 1.348458675936306 1.387689666554903 1.434816834688687 1.425546540982135 1.386793723484433
319 1.348525347786523 1.385335892444767 1.366732943728695 1.348500856535434 1.387666230109696 1.434698945463373 1.425522127272248 1.386895385084134
320 1.348502729903988 1.385306812902159 1.366722907884576 1.348544459869431 1.387646155085164 1.434582882455614 1.425498944496482 1.386992817767423
321 1.348479719486477 1.385277760779899 1.36671267143521 1.348587441893933 1.387626452004913 1.434463940010383 1.425475558323758 1.387093077827699
322 1.34845287675517 1.385243238760198 1.366697672948092 1.348626584748353 1.387602610790762 1.434331335882354 1.425449339359118 1.387203623392202
323 1.348429089030478 1.38521234651438 1.366685449969575 1.348664753201085 1.387580608314897 1.434205083478882 1.425424358919209 1.387298499436298
324 1.348407696698078 1.385184737886483 1.366676950833181 1.348705360684512 1.387562631087948 1.4340822710451 1.425401068919161 1.387387687838389
325 1.348385676235392 1.385156409761233 1.366667925777077 1.34874508143823 1.38754427706228 1.433958180051281 1.42537576955116 1.387476013527059
326 1.348361213418709 1.385124224947537 1.366656089167194 1.348783058988324 1.387524437569139 1.43382149890917 1.425351157189566 1.387575835073856
327 1.348338018242515 1.385093181492812 1.366644566894641 1.3488168622634 1.387503390600445 1.433688324533451 1.425324950312696 1.387661381833022
328 1.348317806608211 1.385066281682608 1.366636835953274 1.348854065188076 1.387486521776316 1.433560491617396 1.425299800850738 1.387738512937054
329 1.348297020448128 1.385038831882502 1.366628992576952 1.348890257716371 1.387469839422142 1.433430968727428 1.42527267902509 1.387816740756888
330 1.348271220666245 1.385004509925951 1.366615666936429 1.348921911842231 1.387448411795299 1.43328721013589 1.425243288564776 1.387902371411704
331 1.348249932306077 1.384975200377953 1.366606102033944 1.348954103083884 1.387430552792521 1.433151697844923 1.425217258853004 1.387977926829869
332 1.348230489048181 1.38494850953071 1.366599548895254 1.348988163751113 1.387414686535854 1.433019661029272 1.425189186291488 1.388045048313787
333 1.348209867586099 1.384920964558571 1.366591836868521 1.349020927552691 1.387398219412768 1.432886315094328 1.425161235044777 1.388113729545211
334 1.348186939813664 1.384889108221484 1.366581336926487 1.349052085112385 1.387380324875228 1.4327419075868 1.42513227840055 1.388190257200079
335 1.348167743977553 1.384861520399738 1.366573820150578 1.349083006791555 1.387364301028658 1.432604874285443 1.425105519680437 1.388257015653203
336 1.348149356840056 1.384835615515051 1.366567755818352 1.349114551406811 1.387349479710174 1.43247050877879 1.425076575040668 1.388314343192065
337 1.348131222298184 1.384809873598201 1.366561988809094 1.349146118002934 1.387335283624717 1.432335873461898 1.42504719564018 1.388373133567412
338 1.348109568117266 1.384778903877877 1.366552609407926 1.349174753134847 1.387318143651898 1.432188934245116 1.425016043665959 1.38843863157592
339 1.348091519509065 1.384751975987658 1.366545830012058 1.349203291383206 1.387303253021471 1.432050797942634 1.424987354810358 1.388493291170447
340 1.348074703089324 1.384727417454431 1.366541230492627 1.349233575621616 1.387290192478501 1.431916073174117 1.424956522296385 1.388540162873106
341 1.348058398320774 1.38470307545436 1.3665369665525 1.349263584936937 1.387277764222804 1.43178091502997 1.424926228815691 1.388589253765802
342 1.348039458081073 1.38467411428733 1.366529564094008 1.349291196757908 1.387262880204261 1.431634597434404 1.42489501273753 1.388644565593116
343 1.348023729839959 1.384648942408817 1.366524732259447 1.349318831100569 1.387250234269278 1.431497827009474 1.424865221487275 1.388690181705575
344 1.348009049292362 1.384625754160273 1.366521036189577 1.349347157624202 1.387238185079276 1.431363633874567 1.424833626141582 1.388729471688976
345 1.347994868955283 1.384603052566944 1.366518094602534 1.349375838791837 1.3872273129522 1.431230398325945 1.424802723368801 1.388770984921725
346 1.347978710403203 1.384576009054411 1.366512761653465 1.349402829349019 1.38721558746314 1.431086271770066 1.424771911905098 1.388818327221845
347 1.347964234658802 1.38455170543369 1.366508452186599 1.349428645756266 1.387203767912001 1.430950526928661 1.424741022349377 1.388855616842895
348 1.347951417934368 1.384529859645065 1.366505804456179 1.34945566225433 1.387192927147771 1.430817762298835 1.42470881369412 1.388887680514086
349 1.34793821228322 1.384507660364605 1.36650316347956 1.349482504032352 1.387183182829291 1.430685621084553 1.424676824319057 1.388920292878332
350 1.347922651160232 1.384481081273993 1.366498136615331 1.349507602376174 1.387172583601912 1.43054428604981 1.424645172994734 1.3889599127306
351 1.347910345504358 1.384458112546034 1.366494802315279 1.34953228716227 1.387162078194821 1.430411344446692 1.424614097235068 1.388991754388318
352 1.347898181004434 1.384436804469502 1.366492363881822 1.34955762695928 1.387152203881678 1.43028131259974 1.424581422071065 1.389017253377365
353 1.347886183739597 1.384415630110891 1.366490402925425 1.349583688754581 1.387143353946366 1.430152834682498 1.42454768028109 1.389042253676705
354 1.347872975483464 1.384390460065496 1.366486341547215 1.349608176300871 1.387133558790498 1.430014934324765 1.424514630012263 1.389074581060571
355 1.347862072655019 1.384368409023832 1.366484041667119 1.349632093515721 1.387124640145124 1.429886837145634 1.424482516195664 1.389100256902238
356 1.347851700099526 1.384348450221241 1.366482549931915 1.349657135325102 1.387115912177928 1.4297614304848 1.424447693656493 1.3891198973481
357 1.347841179869949 1.38432820339856 1.366481086336239 1.349682159767908 1.387107874650384 1.429636588733102 1.424413137301203 1.389140197536039
358 1.347829998593086 1.384304924440591 1.366478245967398 1.349706260435815 1.387099954399564 1.429503857419717 1.424379784396883 1.389166283660145
359 1.347820068788797 1.384283603032662 1.366476040440082 1.349729291180738 1.387091611572628 1.429379946155883 1.424346065738762 1.389185180175456
360 1.347811393094461 1.3842648425379 1.366475203366858 1.349753679044296 1.387084231652397 1.429259258065236 1.424311300599265 1.389199841082034
361 1.347802039671243 1.384245285352146 1.366473870665222 1.349777540433674 1.387077218708602 1.429138435001249 1.424275131762023 1.389214422815304
362 1.347792173802526 1.384223147959643 1.366471827390699 1.349801661561558 1.38707075667101 1.429010506504799 1.424240400815323 1.389234543515426
363 1.347784439556148 1.384203680992804 1.366470736296785 1.349824748057805 1.387063687764329 1.428891492407674 1.424205236081912 1.389248031418087
364 1.347776242911577 1.384185316331446 1.366469895650863 1.349848470197754 1.38705728703621 1.428774720566681 1.424168805531439 1.389257991945849
365 1.347768282606579 1.384167133296312 1.366469368934774 1.349872487772759 1.387050987225174 1.428658464408884 1.424131914269842 1.389268040880204
366 1.347759431552957 1.384145932126842 1.366467571937084 1.349896547391746 1.38704487508362 1.428535592972316 1.424095932843428 1.389283615114374
367 1.347752773825685 1.384127439335371 1.366466708487564 1.349919062607617 1.387038496605261 1.428420810550957 1.424060012355527 1.389294400676872
368 1.347745872502246 1.384110319525987 1.366466302861598 1.349943004923277 1.38703272055636 1.42830974410553 1.424022612213785 1.389301759815001
369 1.347739073004123 1.38409323533893 1.366465910961572 1.3499668855332 1.387027154938086 1.428199331993696 1.423984406184102 1.389308451584641
370 1.347730720903935 1.384072391370972 1.366463834556845 1.349990282648048 1.387021836084998 1.42808189985208 1.423946903295582 1.389320105900388
371 1.347724888456971 1.384054575766993 1.366463175677644 1.350013090986186 1.387016749508729 1.427973768610435 1.423909907582843 1.389328125096475
372 1.347718581935334 1.384037943955563 1.366462488397529 1.350036467822766 1.387011295613737 1.427866897213659 1.423870910097211 1.389332042294624
373 1.34771254015973 1.38402143107222 1.366462345410853 1.350060324136046 1.387007177426983 1.427761115072144 1.423831563316566 1.389337413846659
374 1.347705408999541 1.384002026174276 1.366460839960393 1.350084613987581 1.387003140770409 1.427649676709545 1.423793386045413 1.389346162783707
375 1.347699948422489 1.383984549851659 1.36645995342335 1.350107357180464 1.3869983552013 1.42754644513919 1.423755303090261 1.389351556397384
376 1.347694553016109 1.3839688334977 1.366459648242817 1.350131151852595 1.386994291328142 1.427444907596438 1.423716231322999 1.389354598081004
377 1.347689241623081 1.383953156785396 1.366459277143428 1.350154964126896 1.386990639593468 1.427343398322781 1.423676460100376 1.389357565523338
378 1.347682636498085 1.383934079174682 1.366457437150825 1.35017908030023 1.38698684271561 1.427235611179704 1.423637465251605 1.389364299264031
379 1.347678180401437 1.383917300296871 1.36645688834257 1.350202197254158 1.386983251783034 1.427136917236413 1.423599221760538 1.389368880719629
380 1.34767331532559 1.383901938604823 1.366456221912316 1.350225898669844 1.386979099805004 1.42703846753795 1.423558494704165 1.389371176534088
381 1.347668591977332 1.383886780171683 1.36645577939267 1.350250151282324 1.38697587781086 1.426941330434367 1.423517608164165 1.389373489454183
382 1.347662600296273 1.383868617554384 1.366453905171415 1.3502748675611 1.386972200680435 1.426837211436229 1.42347612077295 1.38937738724426
383 1.347658427207684 1.383852385378402 1.366453147237238 1.350298413668418 1.386968838521455 1.426741433113355 1.423436332066215 1.389381004038659
384 1.347653692949234 1.383837705689545 1.366452258773141 1.350322608761059 1.386965419349604 1.426646453655309 1.423394499636306 1.389381279214474
385 1.347649269674427 1.383822736797623 1.366451530223901 1.350347117265864 1.386962482414892 1.426551411068222 1.42335241979076 1.389382684124902
386 1.347644093123128 1.383805493522682 1.366449929014699 1.350373102586979 1.386960190174348 1.426450566940713 1.423310169688752 1.389386568815438
387 1.34764068453993 1.383789828110911 1.366449500733437 1.350397598289606 1.386957705234778 1.42635786792224 1.423269821358326 1.389389603599803
388 1.347636662868162 1.383775447762261 1.366448784654409 1.350422385135833 1.38695492827813 1.426264962620366 1.423227380634042 1.389390133378761
389 1.347632747756104 1.38376093784019 1.36644816170072 1.350447666202411 1.386952868533229 1.426172449456008 1.423185071655485 1.389391462285142
390 1.347628095393979 1.383744107134897 1.366446828980346 1.350474800506702 1.386951271935177 1.426073634000044 1.423142342479413 1.389394752900795
391 1.347625195523174 1.383728734932396 1.36644593659476 1.350499668995913 1.386948853780241 1.425982121771165 1.423100432382341 1.389396969455055
392 1.347621873219085 1.383714896280753 1.36644575026589 1.350525824007047 1.386947051685341 1.425891249890774 1.423057561562606 1.389397577537819
393 1.34761841108697 1.383700819221119 1.366445028006102 1.350552003409217 1.386945360473353 1.425800374756 1.423013899645553 1.38939908526915
394 1.347614791682801 1.383684708480203 1.36644392641678 1.350580283579174 1.386944377511058 1.425703017776623 1.422969996521521 1.389402139075601
395 1.347612234527353 1.383669477078658 1.366443148183738 1.350606052107477 1.386942453562351 1.42561240881163 1.422926962148156 1.389403729974952
396 1.347609382278963 1.383655749149743 1.366442699416992 1.350632595322314 1.386940936678439 1.425522862557114 1.422883212968119 1.389404814383789
397 1.347606459718298 1.383641885503103 1.366442031058705 1.350659698750397 1.386939790629793 1.425433578875925 1.422838522296738 1.389405431397399
398 1.347603622958481 1.383626280134717 1.3664409028651 1.35068894932891 1.386939101683648 1.425336980150957 1.422793249551972 1.389407110032792
399 1.347601707527181 1.3836115763765 1.366440862459176 1.350716237475002 1.386938450167602 1.425247310341999 1.422750074094914 1.389409140678048
400 1.3475989032828 1.383597801256539 1.36644003762875 1.350743542368826 1.386936676502171 1.425158188494687 1.422705054326991 1.389409024055559
401 1.347596392967122 1.383584130837705 1.366439397295926 1.350771713252546 1.386935730821596 1.42506960679307 1.422660473781139 1.389409822192628
402 1.347593931180496 1.383568629264261 1.366438556818569 1.350802482416326 1.386935289877043 1.424973998698705 1.422614592140728 1.389411284603286
403 1.347592446778529 1.383553658274398 1.366438276633259 1.350831089319866 1.386934156968424 1.424885115408454 1.42257051594919 1.389412583652398
404 1.347590028151565 1.38353962617208 1.366437603368605 1.350858981899335 1.386933003094813 1.424796444141456 1.422525724375376 1.3894128951188
405 1.34758848945178 1.383526458511825 1.36643766515347 1.350888899958136 1.386932349675673 1.424708889640235 1.422479872661315 1.389412627313194
406 1.347586940269958 1.383511314790735 1.366437281189574 1.350920926111353 1.386932225924957 1.424612494973107 1.422433215359997 1.389413426377934
407 1.347585904199816 1.383496398988618 1.366436891579634 1.350949999689334 1.38693079004293 1.424522451928217 1.422387707185319 1.389413651546644
408 1.347584814554319 1.383482933727741 1.366437025138452 1.350979861437864 1.386929854587724 1.424433612812642 1.422341660219537 1.389412779337169
409 1.347583423492557 1.38346947141481 1.36643692588299 1.351009812317856 1.386929475613154 1.42434512326588 1.422295568197976 1.389412940130764
410 1.347583342067707 1.383455095753279 1.366437715721187 1.351044016518083 1.386930407524633 1.424249895294222 1.422248730994287 1.389413351628949
411 1.347583292757981 1.383440375626323 1.366438105026175 1.351074320509728 1.386929245477291 1.42415933242868 1.422202954470312 1.38941324964278
412 1.347582854642119 1.383426911250096 1.366438704027942 1.351105170799601 1.386929038659438 1.424070784104587 1.422157134130257 1.389412868157551
413 1.347582689730207 1.383413849887486 1.366439308514721 1.351136661523482 1.386928595455621 1.423982164706627 1.422110665929439 1.389412102183776
414 1.347583202495703 1.383399458886592 1.366440288844707 1.351171606130697 1.386929168365727 1.423886126211567 1.422062853914894 1.389411553000253
415 1.34758406462209 1.383384758026648 1.366441584758745 1.351203413468075 1.386928862514154 1.423796018688392 1.422017215185243 1.3894114235583
416 1.347583790757145 1.383370855164576 1.366442217695398 1.351234756235292 1.386928302337107 1.423707013700308 1.421970204084603 1.389410043636278
417 1.347584006913739 1.383357359126435 1.366443149424511 1.3512668967528 1.386927928456475 1.423618848769635 1.421923353966047 1.389408705316188
418 1.347585500860585 1.383343281123117 1.36644496940311 1.35130331603992 1.386928609974584 1.423523142490399 1.421876038669251 1.389408093278437
419 1.347587390594795 1.383328970271887 1.366446903108133 1.351336278583662 1.386928076765356 1.423432601877999 1.421829847477969 1.389406768058314
420 1.347588349764992 1.383315204319043 1.366448521378458 1.35136890971947 1.386927425698435 1.423343715363818 1.42178352762716 1.389405068248721
421 1.347589736754179 1.383301807857152 1.366450260588619 1.351402454883047 1.386927156176533 1.423256504310437 1.421736694429589 1.389403158196699
422 1.347593019553617 1.383288723076347 1.366453532545494 1.351440782722223 1.386928136081179 1.423161399915185 1.421688841349513 1.3894012889923
423 1.347595720570322 1.383274291010857 1.36645623984488 1.351474864693283 1.386927397666844 1.423071022004714 1.421642388434625 1.389399671693841
424 1.347597713884462 1.3832607434407 1.366458620043688 1.351508541889017 1.386926814735693 1.422983333589223 1.421595971414501 1.389397879397905
425 1.347599856193407 1.383247267923259 1.366461212642025 1.351543006178687 1.386926670986007 1.422897487401423 1.421548747788706 1.38939579876185
426 1.347604225585581 1.383234218488196 1.366465769125657 1.351582600131487 1.386927949821663 1.422803763450044 1.42150063111609 1.389394232666261
427 1.347607748627315 1.383219337415136 1.366469190787206 1.351617281480469 1.386927155831079 1.42271476824248 1.421453696185121 1.389392403058844
428 1.347611012505539 1.383206013894037 1.366472784923815 1.351652341512002 1.386927090022299 1.422628982829909 1.421406825946042 1.389390540408062
429 1.347614181731532 1.38319299648989 1.366476432164522 1.351687978588288 1.386927006487525 1.422545313076195 1.421359125822644 1.389388350888466
430 1.347619473808088 1.383179706174727 1.366481691274977 1.351727929446127 1.386927776580732 1.4224526484286 1.421310343530017 1.389386406020542
431 1.347624408333304 1.383165413446756 1.366486227859941 1.351763516338611 1.386926821348111 1.422365396354036 1.421262906645876 1.389384719037326
432 1.347628243740493 1.383151372795206 1.366490475514752 1.351798679341754 1.38692628169665 1.422281594341444 1.421215265132727 1.389382700037172
433 1.347632483895848 1.383138009287146 1.36649465469436 1.351834369824017 1.386925819838163 1.422200113539308 1.421167187909112 1.389380668715569
434 1.347638979301373 1.383124933787832 1.366500786835052 1.351874870907176 1.386926257056047 1.422110394070432 1.421117773293927 1.389378243952077
435 1.347644367999049 1.383109812312583 1.366505853359639 1.351910140963844 1.386924911385645 1.422025633520098 1.421069688785501 1.389376079581089
436 1.347648374067841 1.38309498350821 1.366510029465989 1.351944687440266 1.386923608816744 1.42194497004797 1.42102175350496 1.389373920868995
437 1.34765387200491 1.383081611323288 1.366515489220719 1.35198139096267 1.386923015664274 1.421866790566741 1.420973506576347 1.389371758173255
438 1.347661148251151 1.383068784645362 1.36652241467577 1.352022426911168 1.386922846486989 1.421780561885424 1.420923245050821 1.389369045789558
439 1.347667824219143 1.383054184486812 1.366528939244306 1.352059074209125 1.386921598074196 1.421700154990719 1.420875029569311 1.389367470846224
440 1.347672952472558 1.383040001297442 1.366534242494641 1.352094230773913 1.386919692622529 1.421622796247531 1.420826147676752 1.389365178711148
441 1.347679015398825 1.383027022008483 1.366540582983184 1.352131383410966 1.386919064558944 1.421549629688302 1.420777134289309 1.389363240421511
442 1.347687718649596 1.383014703843713 1.366548895109324 1.352173073077816 1.386918830803548 1.421468334199409 1.42072652635153 1.389361075814727
443 1.347695375105453 1.383000376744881 1.366556415729967 1.352209995380965 1.386917479384421 1.421392535281486 1.420678153842468 1.389360202610594
444 1.347701350099012 1.382986014194505 1.366562729479997 1.352245880379501 1.386915816206811 1.421320991997856 1.420629025900081 1.389358521762562
445 1.347707745725919 1.382972413827074 1.366569472403677 1.352282599406817 1.386914629763036 1.421251896114193 1.420579954702467 1.389357030645948
446 1.34771743132528 1.382960232925664 1.366579006097364 1.352324693382362 1.386914610213027 1.421176312876564 1.420529212335033 1.389355972861897
447 1.347726251389652 1.382946519101113 1.366587836765212 1.35236232616796 1.386913483547212 1.421106767649357 1.420480300352935 1.389355743501703
448 1.347732921018859 1.382932348681825 1.366594875629304 1.352397976228772 1.386911649682341 1.421041187793078 1.42043077214632 1.389355093097414
449 1.34774029364573 1.382919009461286 1.366602762982638 1.352435167944545 1.386910864793128 1.420979244249895 1.420380662545952 1.389354562805123
450 1.347751066805011 1.382907608092953 1.36661344852023 1.352477497468129 1.386910972531252 1.420911100707843 1.420329443545541 1.38935478137563
451 1.34776002049879 1.382893268824915 1.366622654451816 1.352514518486802 1.386908666499985 1.420846716274004 1.420279174134464 1.389354776692625
452 1.347767248774071 1.382879328644808 1.366630444185058 1.352550227555386 1.386906681082019 1.420787647964043 1.420228877607094 1.389354637350142
453 1.34777506999418 1.382866078283816 1.36663872181904 1.352587172980676 1.386905029902592 1.420731519496564 1.420178128193622 1.389354490720289
454 1.347786781146852 1.382855080539831 1.366650372686733 1.352629579002564 1.386904531932334 1.420670185059269 1.420125843212936 1.389355276373861
455 1.347795847867289 1.382840433710235 1.36665973316836 1.352666070452071 1.386901222309951 1.420612021838068 1.420074148236223 1.389355235575229
456 1.347803794410265 1.382826752889356 1.366668444333216 1.352701959390379 1.386898782791679 1.420559795171945 1.420022436698068 1.389355151446215
457 1.347811888754209 1.382813573172849 1.36667717976178 1.352738404704109 1.38689646693015 1.420510507904911 1.419969816442627 1.38935483779448
458 1.347823457922819 1.382802583028411 1.366689188667837 1.352780553484046 1.38689512788107 1.420456551054984 1.419915097541981 1.389354987376764
459 1.347833355332278 1.382788988182372 1.366699662033002 1.352817215342237 1.386892168075576 1.420407179277005 1.419862544028889 1.389356073478653
460 1.347841535542256 1.382775507223484 1.366708940238974 1.352852777581695 1.386889656608775 1.4203628056606 1.419809709855386 1.389356734935779
461 1.347850147376641 1.382762801847673 1.366718396570347 1.352889250147403 1.386886733142722 1.420320641061979 1.419755624905969 1.389356839990477
462 1.347862060564458 1.382752456081847 1.366731063229521 1.352931229954971 1.386884853755449 1.42027482669102 1.419700115773463 1.389358370642712
463 1.347872268263677 1.382739226409655 1.366742289012743 1.352967791550482 1.386881362862075 1.420232525028296 1.419646029101747 1.389360141616885
464 1.347880567139782 1.382725911779483 1.366751970420081 1.35300315058717 1.386878086394836 1.420195434634552 1.419592149319651 1.389361298125326
465 1.347889151030056 1.382713060509867 1.366761765923347 1.353039082476053 1.386875008434721 1.420161087449891 1.41953692499334 1.3893624683814
466 1.347901273079063 1.382702946949665 1.366774871668547 1.353080302051578 1.386872374319413 1.4201228766678 1.419479774912336 1.389364515423661
467 1.347912200491678 1.382690991804813 1.366787030211087 1.353117125442998 1.386868713719618 1.420088601432135 1.419424888342956 1.389367419625952
468 1.347920721031019 1.382678145824981 1.366797237222411 1.353151982100407 1.386865324449898 1.42005938224917 1.419369681687118 1.389369485722104
469 1.347929311509806 1.382666040424074 1.366807543163147 1.35318778500519 1.386861967079662 1.420032662726776 1.41931304621705 1.38937099889102
470 1.347942598951108 1.38265806203874 1.366822520386265 1.353230208292844 1.386860447673503 1.420004398559315 1.419255724998388 1.389375592609716
471 1.347952822748384 1.38264587036344 1.366834565080491 1.353265637300802 1.386855831717808 1.419976888432905 1.419199151368628 1.389379184075377
472 1.3479616466491 1.382634653696148 1.366845523084987 1.353300561718179 1.386852108683373 1.419955371253244 1.419141911944643 1.389381711245911
473 1.347970157318551 1.382623434003115 1.366856245470285 1.35333578583353 1.386848480826671 1.419935994546442 1.419084095347227 1.389384044107352
474 1.347982632952672 1.382615467934447 1.366870745176328 1.353376784550783 1.386845806486861 1.41991470316596 1.419023335657219 1.389388328317276
475 1.347992934732181 1.382604524347391 1.366883518680088 1.353412126767823 1.386841339340372 1.419895033475541 1.418964389143351 1.38939227302024
476 1.348001007102736 1.382593218787177 1.366894275463589 1.353446134077299 1.386837190377512 1.419880163548996 1.418905726662961 1.389395183553102
477 1.348009384517831 1.382582925401167 1.366905204145852 1.35348086826174 1.386832933579625 1.419867303334278 1.418845307420669 1.389397624089934
478 1.348021948142045 1.382575688982859 1.366920413491889 1.353521260353587 1.386830114296935 1.419853372454393 1.418782138253896 1.389402652533265
479 1.348031608604381 1.382565020242034 1.36693307384715 1.353555604140921 1.386825151016163 1.419840197330913 1.418720926985299 1.389407204419659
480 1.348039417967235 1.382553592816082 1.366944133314477 1.353588938298951 1.386820835267101 1.419831803869174 1.418659363956553 1.389410116672456
481 1.348047436504493 1.382543359227986 1.366955521636303 1.353623304213015 1.386816574322459 1.419825310666776 1.418596077386253 1.38941296260117
482 1.348059417326266 1.382536604141521 1.366970588046468 1.353662941675269 1.386812741361525 1.419817515782963 1.418530445170617 1.389417968981745
483 1.348068952596434 1.382526832413195 1.36698350873553 1.353697102107918 1.386807343174608 1.419810471039074 1.418466691149282 1.389422165997646
484 1.348076176618266 1.382516147963275 1.366994439755124 1.35372970737046 1.386802634441756 1.419808316403481 1.41840278805193 1.389425341232111
485 1.348083937884232 1.382506738165082 1.367005895911357 1.353763842923718 1.386798222554031 1.419808043653738 1.4183382179373 1.389429011677275
486 1.34809484103513 1.382500157759289 1.367020971533836 1.353802601652911 1.3867946579729 1.419807063437008 1.418270099808227 1.3894351129238
487 1.348104440139598 1.382491911576434 1.367034713908275 1.353837040873521 1.386789592914394 1.41980579394368 1.418204879587828 1.389440721441732
488 1.348111405737327 1.382482284596533 1.367046053002795 1.353869567070179 1.386784898946299 1.419808852670831 1.418139666528434 1.389444939026149
489 1.348119049873562 1.382474357245128 1.367057999784707 1.35390341594566 1.386780563925708 1.419814188876726 1.41807279229179 1.389448678663162
490 1.348130125458039 1.38246908607142 1.367073413411426 1.353941824705219 1.38677672464825 1.419818323935801 1.418002383776103 1.389455026239877
491 1.348139940627933 1.38246237394129 1.36708805979263 1.353976462165299 1.386772681827371 1.419823340135324 1.417935547563875 1.389462155023172
492 1.34814741522579 1.382454472023113 1.3671003395516 1.354009523021858 1.38676861366301 1.419831401404088 1.417868567095064 1.3894670616764
493 1.348154832527476 1.382447438322053 1.367112713574125 1.354043083899231 1.386764558158529 1.419841353800982 1.417799379698144 1.389472213894323
494 1.348165756821643 1.382443593168719 1.367128759190211 1.354081504147498 1.386761154778817 1.41985113509789 1.417726265112752 1.389479491593659
495 1.348174894080305 1.382437705197784 1.367143500100684 1.354115758806554 1.386757400812505 1.419860850878575 1.417657481063522 1.389487365259851
496 1.348181359482396 1.382430334960201 1.367155488034263 1.354147713071849 1.386752887675867 1.419872789525231 1.417587414920255 1.389492216967921
497 1.348188372800823 1.38242423440359 1.367168106117806 1.354181089022496 1.38674912245302 1.41988677604114 1.41751590608002 1.389496794532481
498 1.34820048153512 1.382423325159968 1.367186133983628 1.354221119539999 1.386747893700204 1.419902888338699 1.417442156057092 1.389506449912993
499 1.348209218911525 1.38241828354895 1.367201169137666 1.354254905104403 1.386744169374719 1.419916021685874 1.417370362257475 1.389514633153715
500 1.348215820570772 1.382412293162547 1.367213779344388 1.354286980013972 1.386740263279999 1.41993147898348 1.417298408779853 1.389519792791858
